<?xml version="1.0" encoding="UTF-8"?>
<!-- Generated by org.testng.reporters.JUnitReportReporter -->
<testsuite hostname="SHUBHAM-PC" failures="0" tests="3" name="HomePage_Test" time="29.807" errors="0" timestamp="2024-03-11T00:12:04 IST" skipped="0">
  <testcase classname="HomePage_Test" name="VerifyURLTest" time="4.892"/>
  <system-out/>
  <testcase classname="HomePage_Test" name="searchItemTest" time="17.577"/>
  <system-out/>
  <testcase classname="HomePage_Test" name="verifyTitleTest" time="7.338"/>
  <system-out/>
</testsuite> <!-- HomePage_Test -->
